# configure exec: ./configure --prefix=/workspace/playground-confluent/node_modules/node-rdkafka/build/deps --libdir=/workspace/playground-confluent/node_modules/node-rdkafka/build/deps --prefix=/workspace/playground-confluent/node_modules/node-rdkafka/build/deps --libdir=/workspace/playground-confluent/node_modules/node-rdkafka/build/deps
# On Sat Jun 24 10:43:46 PM UTC 2023
DBG 636: Setting distro (distro) status to ok (action ignore)
DBG 636: ccenv: WITH_CC:  --version failed: mklove/modules/configure.base: line 1824: --version: command not found
DBG 636: Setting ccenv (ccenv) status to failed (action cont)
DBG 636: Check ccenv (WITH_CC, action cont (originally cont)) failed: command ' --version' failed:
mklove/modules/configure.base: line 1824: --version: command not found
DBG 636: Setting gcc (gcc) status to ok (action cont)
DBG 636: cxxenv: WITH_CXX:  --version failed: mklove/modules/configure.base: line 1824: --version: command not found
DBG 636: Setting cxxenv (cxxenv) status to failed (action cont)
DBG 636: Check cxxenv (WITH_CXX, action cont (originally cont)) failed: command ' --version' failed:
mklove/modules/configure.base: line 1824: --version: command not found
DBG 636: Setting gxx (gxx) status to ok (action cont)
DBG 636: Setting ld (ld) status to ok (action disable)
DBG 636: Setting nm (nm) status to ok (action disable)
DBG 636: Setting objdump (objdump) status to ok (action disable)
DBG 636: Setting strip (strip) status to ok (action disable)
DBG 636: libtool: : libtool is not executable: 
DBG 636: Setting libtool (libtool) status to failed (action disable)
DBG 636: Check libtool (, action disable (originally disable)) failed: libtool is not executable
DBG 636: Setting ranlib (ranlib) status to ok (action disable)
DBG 636: Setting pkgconfig (pkgconfig) status to ok (action cont)
DBG 636: Setting install (install) status to ok (action cont)
DBG 636: Setting gnuar (gnuar) status to ok (action disable)
DBG 636: Compile check PIC (HAVE_PIC) (sub=0): gcc  -g -O2 -Wall -Werror _mkltmpwUfGaM.c -o _mkltmpwUfGaM.c.o  -L/workspace/playground-confluent/node_modules/node-rdkafka/build/deps -fPIC 
DBG 636: Setting PIC (PIC) status to ok (action disable)
DBG 636: Compile check gnulib (WITH_GNULD) (sub=0): gcc  -g -O2 -fPIC -Wall -Werror _mkltmpq59DIc.c -o _mkltmpq59DIc.c.o  -L/workspace/playground-confluent/node_modules/node-rdkafka/build/deps -shared -Wl,-soname,mkltest.0 
DBG 636: Setting gnulib (gnulib) status to ok (action cont)
DBG 636: Compile check ldsflagvs () (sub=0): gcc  -g -O2 -fPIC -Wall -Werror _mkltmpYJfTG7.c -o _mkltmpYJfTG7.c.o  -L/workspace/playground-confluent/node_modules/node-rdkafka/build/deps -shared -Wl,--version-script=_mkltmpmC1gsI 
DBG 636: Setting ldsflagvs (ldsflagvs) status to ok (action cont)
DBG 636: Compile check __atomic_32 (HAVE_ATOMICS_32) (sub=0): gcc  -g -O2 -fPIC -Wall -Werror _mkltmpVS76Ro.c -o _mkltmpVS76Ro.c.o  -L/workspace/playground-confluent/node_modules/node-rdkafka/build/deps  
DBG 636: Setting __atomic_32 (__atomic_32) status to ok (action cont)
DBG 636: Compile check __atomic_64 (HAVE_ATOMICS_64) (sub=0): gcc  -g -O2 -fPIC -Wall -Werror _mkltmpYJ9QKb.c -o _mkltmpYJ9QKb.c.o  -L/workspace/playground-confluent/node_modules/node-rdkafka/build/deps  
DBG 636: Setting __atomic_64 (__atomic_64) status to ok (action cont)
DBG 636: Compile check socket () (sub=0): gcc  -g -O2 -fPIC -Wall -Wsign-compare -Wfloat-equal -Wpointer-arith -Wcast-align -Wall -Werror _mkltmpA4FL0k.c -o _mkltmpA4FL0k.c.o  -L/workspace/playground-confluent/node_modules/node-rdkafka/build/deps  
DBG 636: Setting socket (socket) status to ok (action cont)
DBG 636: Setting parseversion (parseversion) status to ok (action cont)
DBG 636: pkg-config check librt for CFLAGS (): pkg-config --short-errors --cflags librt
DBG 636: 'pkg-config --short-errors --cflags librt' failed: No package 'librt' found
DBG 636: Setting librt_PKGCONFIG (librt_PKGCONFIG) status to failed (action cont)
DBG 636: Check librt_PKGCONFIG (, action cont (originally cont)) failed: 'pkg-config --short-errors --cflags librt' failed:
No package 'librt' found
DBG 636: librt: Check for static library (libs -lrt, arfile variable STATIC_LIB_librt=, static filenames )
DBG 636: Compile check librt () (sub=0): gcc  -g -O2 -fPIC -Wall -Wsign-compare -Wfloat-equal -Wpointer-arith -Wcast-align -Wall -Werror _mkltmpQud5n1.c -o _mkltmpQud5n1.c.o  -L/workspace/playground-confluent/node_modules/node-rdkafka/build/deps -lrt 
DBG 636: Setting librt (librt) status to ok (action cont)
DBG 636: librt: from lib_check: LIBS: prepend -lrt
DBG 636: pkg-config check libpthread for CFLAGS (): pkg-config --short-errors --cflags libpthread
DBG 636: 'pkg-config --short-errors --cflags libpthread' failed: No package 'libpthread' found
DBG 636: Setting libpthread_PKGCONFIG (libpthread_PKGCONFIG) status to failed (action cont)
DBG 636: Check libpthread_PKGCONFIG (, action cont (originally cont)) failed: 'pkg-config --short-errors --cflags libpthread' failed:
No package 'libpthread' found
DBG 636: libpthread: Check for static library (libs -lpthread, arfile variable STATIC_LIB_libpthread=, static filenames )
DBG 636: Compile check libpthread () (sub=0): gcc  -g -O2 -fPIC -Wall -Wsign-compare -Wfloat-equal -Wpointer-arith -Wcast-align -Wall -Werror _mkltmpmn0nE4.c -o _mkltmpmn0nE4.c.o  -L/workspace/playground-confluent/node_modules/node-rdkafka/build/deps -lpthread -lrt
DBG 636: Setting libpthread (libpthread) status to ok (action fail)
DBG 636: libpthread: from lib_check: LIBS: prepend -lpthread
DBG 636: pkg-config check c11threads for CFLAGS (WITH_C11THREADS): pkg-config --short-errors --cflags c11threads
DBG 636: 'pkg-config --short-errors --cflags c11threads' failed: No package 'c11threads' found
DBG 636: Setting c11threads_PKGCONFIG (c11threads_PKGCONFIG) status to failed (action cont)
DBG 636: Check c11threads_PKGCONFIG (, action cont (originally cont)) failed: 'pkg-config --short-errors --cflags c11threads' failed:
No package 'c11threads' found
DBG 636: c11threads: Check for static library (libs -lpthread -lrt, arfile variable STATIC_LIB_c11threads=, static filenames )
DBG 636: Compile check c11threads (WITH_C11THREADS) (sub=0): gcc  -g -O2 -fPIC -Wall -Wsign-compare -Wfloat-equal -Wpointer-arith -Wcast-align -Wall -Werror _mkltmpme5oeF.c -o _mkltmpme5oeF.c.o  -L/workspace/playground-confluent/node_modules/node-rdkafka/build/deps -lpthread -lrt -lpthread -lrt
DBG 636: Setting c11threads (c11threads) status to ok (action disable)
DBG 636: c11threads: from lib_check: LIBS: prepend -lpthread -lrt
DBG 636: pkg-config check libdl for CFLAGS (WITH_LIBDL): pkg-config --short-errors --cflags libdl
DBG 636: 'pkg-config --short-errors --cflags libdl' failed: No package 'libdl' found
DBG 636: Setting libdl_PKGCONFIG (libdl_PKGCONFIG) status to failed (action cont)
DBG 636: Check libdl_PKGCONFIG (, action cont (originally cont)) failed: 'pkg-config --short-errors --cflags libdl' failed:
No package 'libdl' found
DBG 636: libdl: Check for static library (libs -ldl, arfile variable STATIC_LIB_libdl=, static filenames )
DBG 636: Compile check libdl (WITH_LIBDL) (sub=0): gcc  -g -O2 -fPIC -Wall -Wsign-compare -Wfloat-equal -Wpointer-arith -Wcast-align -Wall -Werror _mkltmpN5SiJs.c -o _mkltmpN5SiJs.c.o  -L/workspace/playground-confluent/node_modules/node-rdkafka/build/deps -ldl -lpthread -lrt -lpthread -lrt
DBG 636: Setting libdl (libdl) status to ok (action disable)
DBG 636: libdl: from lib_check: LIBS: prepend -ldl
DBG 636: pkg-config check zlib for CFLAGS (WITH_ZLIB): pkg-config --short-errors --cflags zlib
DBG 636: pkg-config check zlib for LIBS (WITH_ZLIB): pkg-config --short-errors --libs zlib
DBG 636: zlib: from pkg-config: CFLAGS '', LIBS '-ldl -lpthread -lrt -lpthread -lrt'
DBG 636: zlib: performing compile check using pkg-config info
DBG 636: Compile check zlib (WITH_ZLIB) (sub=1): gcc  -g -O2 -fPIC -Wall -Wsign-compare -Wfloat-equal -Wpointer-arith -Wcast-align -Wall -Werror _mkltmpgWhPUb.c -o _mkltmpgWhPUb.c.o  -L/workspace/playground-confluent/node_modules/node-rdkafka/build/deps  -lz -ldl -lpthread -lrt -lpthread -lrt
DBG 636: zlib: Check for static library (libs -lz, arfile variable STATIC_LIB_zlib=, static filenames libz.a)
DBG 636: zlib: from pkg-config: LIBS: prepend -lz
DBG 636: Setting zlib (zlib) status to ok (action cont)
DBG 636: pkg-config check libcrypto for CFLAGS (): pkg-config --short-errors --cflags libcrypto
DBG 636: pkg-config check libcrypto for LIBS (): pkg-config --short-errors --libs libcrypto
DBG 636: libcrypto: from pkg-config: CFLAGS '', LIBS '-lz -ldl -lpthread -lrt -lpthread -lrt'
DBG 636: libcrypto: performing compile check using pkg-config info
DBG 636: Compile check libcrypto () (sub=1): gcc  -g -O2 -fPIC -Wall -Wsign-compare -Wfloat-equal -Wpointer-arith -Wcast-align -Wall -Werror _mkltmpRgUgH0.c -o _mkltmpRgUgH0.c.o  -L/workspace/playground-confluent/node_modules/node-rdkafka/build/deps  -lcrypto -lz -ldl -lpthread -lrt -lpthread -lrt
DBG 636: libcrypto: Check for static library (libs -lcrypto, arfile variable STATIC_LIB_libcrypto=, static filenames libcrypto.a)
DBG 636: libcrypto: from pkg-config: LIBS: prepend -lcrypto
DBG 636: Setting libcrypto (libcrypto) status to ok (action cont)
DBG 636: pkg-config check libssl for CFLAGS (WITH_SSL): pkg-config --short-errors --cflags libssl
DBG 636: pkg-config check libssl for LIBS (WITH_SSL): pkg-config --short-errors --libs libssl
DBG 636: libssl: from pkg-config: CFLAGS '', LIBS '-lcrypto -lz -ldl -lpthread -lrt -lpthread -lrt'
DBG 636: libssl: performing compile check using pkg-config info
DBG 636: Compile check libssl (WITH_SSL) (sub=1): gcc  -g -O2 -fPIC -Wall -Wsign-compare -Wfloat-equal -Wpointer-arith -Wcast-align -Wall -Werror _mkltmpZuPBKv.c -o _mkltmpZuPBKv.c.o  -L/workspace/playground-confluent/node_modules/node-rdkafka/build/deps  -lssl -lcrypto -lz -ldl -lpthread -lrt -lpthread -lrt
DBG 636: libssl: Check for static library (libs -lssl, arfile variable STATIC_LIB_libssl=, static filenames libssl.a)
DBG 636: libssl: from pkg-config: LIBS: prepend -lssl
DBG 636: Setting libssl (libssl) status to ok (action cont)
DBG 636: Compile check libcrypto () (sub=1): gcc  -g -O2 -fPIC -Wall -Wsign-compare -Wfloat-equal -Wpointer-arith -Wcast-align -Wall -Werror _mkltmp2fFaRp.c -o _mkltmp2fFaRp.c.o  -L/workspace/playground-confluent/node_modules/node-rdkafka/build/deps -lcrypto -lssl -lcrypto -lz -ldl -lpthread -lrt -lpthread -lrt
DBG 636: compile check for libcrypto () failed: gcc  -g -O2 -fPIC -Wall -Wsign-compare -Wfloat-equal -Wpointer-arith -Wcast-align -Wall -Werror _mkltmp2fFaRp.c -o _mkltmp2fFaRp.c.o  -L/workspace/playground-confluent/node_modules/node-rdkafka/build/deps -lcrypto -lssl -lcrypto -lz -ldl -lpthread -lrt -lpthread -lrt: _mkltmp2fFaRp.c:4:2: error: #error "OpenSSL version >= v3.0.0 needs OPENSSL_SUPPRESS_DEPRECATED"
    4 | #error "OpenSSL version >= v3.0.0 needs OPENSSL_SUPPRESS_DEPRECATED"
      |  ^~~~~
DBG 636: pkg-config check libsasl2 for CFLAGS (WITH_SASL_CYRUS): pkg-config --short-errors --cflags libsasl2
DBG 636: 'pkg-config --short-errors --cflags libsasl2' failed: No package 'libsasl2' found
DBG 636: Setting libsasl2_PKGCONFIG (libsasl2_PKGCONFIG) status to failed (action cont)
DBG 636: Check libsasl2_PKGCONFIG (, action cont (originally cont)) failed: 'pkg-config --short-errors --cflags libsasl2' failed:
No package 'libsasl2' found
DBG 636: libsasl2: Check for static library (libs -lsasl2, arfile variable STATIC_LIB_libsasl2=, static filenames )
DBG 636: Compile check libsasl2 (WITH_SASL_CYRUS) (sub=0): gcc  -g -O2 -fPIC -Wall -Wsign-compare -Wfloat-equal -Wpointer-arith -Wcast-align -Wall -Werror _mkltmp4XGDaY.c -o _mkltmp4XGDaY.c.o  -L/workspace/playground-confluent/node_modules/node-rdkafka/build/deps -lsasl2 -lssl -lcrypto -lz -ldl -lpthread -lrt -lpthread -lrt
DBG 636: compile check for libsasl2 (WITH_SASL_CYRUS) failed: gcc  -g -O2 -fPIC -Wall -Wsign-compare -Wfloat-equal -Wpointer-arith -Wcast-align -Wall -Werror _mkltmp4XGDaY.c -o _mkltmp4XGDaY.c.o  -L/workspace/playground-confluent/node_modules/node-rdkafka/build/deps -lsasl2 -lssl -lcrypto -lz -ldl -lpthread -lrt -lpthread -lrt: _mkltmp4XGDaY.c:3:10: fatal error: sasl/sasl.h: No such file or directory
    3 | #include <sasl/sasl.h>
      |          ^~~~~~~~~~~~~
compilation terminated.
DBG 636: Setting libsasl2 (libsasl2) status to failed (action disable)
DBG 636: Check libsasl2 (WITH_SASL_CYRUS, action disable (originally disable)) failed: compile check failed:
CC: CC
flags: -lsasl2
gcc  -g -O2 -fPIC -Wall -Wsign-compare -Wfloat-equal -Wpointer-arith -Wcast-align -Wall -Werror _mkltmp4XGDaY.c -o _mkltmp4XGDaY.c.o  -L/workspace/playground-confluent/node_modules/node-rdkafka/build/deps -lsasl2 -lssl -lcrypto -lz -ldl -lpthread -lrt -lpthread -lrt:
_mkltmp4XGDaY.c:3:10: fatal error: sasl/sasl.h: No such file or directory
    3 | #include <sasl/sasl.h>
      |          ^~~~~~~~~~~~~
compilation terminated.
source: 
#include <stddef.h>
#include <sasl/sasl.h>

DBG 636: pkg-config check libsasl for CFLAGS (WITH_SASL_CYRUS): pkg-config --short-errors --cflags libsasl
DBG 636: 'pkg-config --short-errors --cflags libsasl' failed: No package 'libsasl' found
DBG 636: Setting libsasl_PKGCONFIG (libsasl_PKGCONFIG) status to failed (action cont)
DBG 636: Check libsasl_PKGCONFIG (, action cont (originally cont)) failed: 'pkg-config --short-errors --cflags libsasl' failed:
No package 'libsasl' found
DBG 636: libsasl: Check for static library (libs -lsasl, arfile variable STATIC_LIB_libsasl=, static filenames )
DBG 636: Compile check libsasl (WITH_SASL_CYRUS) (sub=0): gcc  -g -O2 -fPIC -Wall -Wsign-compare -Wfloat-equal -Wpointer-arith -Wcast-align -Wall -Werror _mkltmpNKwi8n.c -o _mkltmpNKwi8n.c.o  -L/workspace/playground-confluent/node_modules/node-rdkafka/build/deps -lsasl -lssl -lcrypto -lz -ldl -lpthread -lrt -lpthread -lrt
DBG 636: compile check for libsasl (WITH_SASL_CYRUS) failed: gcc  -g -O2 -fPIC -Wall -Wsign-compare -Wfloat-equal -Wpointer-arith -Wcast-align -Wall -Werror _mkltmpNKwi8n.c -o _mkltmpNKwi8n.c.o  -L/workspace/playground-confluent/node_modules/node-rdkafka/build/deps -lsasl -lssl -lcrypto -lz -ldl -lpthread -lrt -lpthread -lrt: _mkltmpNKwi8n.c:3:10: fatal error: sasl/sasl.h: No such file or directory
    3 | #include <sasl/sasl.h>
      |          ^~~~~~~~~~~~~
compilation terminated.
DBG 636: Setting libsasl (libsasl) status to failed (action disable)
DBG 636: Check libsasl (WITH_SASL_CYRUS, action disable (originally disable)) failed: compile check failed:
CC: CC
flags: -lsasl
gcc  -g -O2 -fPIC -Wall -Wsign-compare -Wfloat-equal -Wpointer-arith -Wcast-align -Wall -Werror _mkltmpNKwi8n.c -o _mkltmpNKwi8n.c.o  -L/workspace/playground-confluent/node_modules/node-rdkafka/build/deps -lsasl -lssl -lcrypto -lz -ldl -lpthread -lrt -lpthread -lrt:
_mkltmpNKwi8n.c:3:10: fatal error: sasl/sasl.h: No such file or directory
    3 | #include <sasl/sasl.h>
      |          ^~~~~~~~~~~~~
compilation terminated.
source: 
#include <stddef.h>
#include <sasl/sasl.h>

DBG 636: pkg-config check libzstd for CFLAGS (WITH_ZSTD): pkg-config --short-errors --cflags libzstd
DBG 636: pkg-config check libzstd for LIBS (WITH_ZSTD): pkg-config --short-errors --libs libzstd
DBG 636: libzstd: from pkg-config: CFLAGS '', LIBS '-lssl -lcrypto -lz -ldl -lpthread -lrt -lpthread -lrt'
DBG 636: libzstd: performing compile check using pkg-config info
DBG 636: Compile check libzstd (WITH_ZSTD) (sub=1): gcc  -g -O2 -fPIC -Wall -Wsign-compare -Wfloat-equal -Wpointer-arith -Wcast-align -Wall -Werror _mkltmpEkFOdk.c -o _mkltmpEkFOdk.c.o  -L/workspace/playground-confluent/node_modules/node-rdkafka/build/deps  -lzstd -lssl -lcrypto -lz -ldl -lpthread -lrt -lpthread -lrt
DBG 636: libzstd: Check for static library (libs -lzstd, arfile variable STATIC_LIB_libzstd=, static filenames libzstd.a)
DBG 636: libzstd: from pkg-config: LIBS: prepend -lzstd
DBG 636: Setting libzstd (libzstd) status to ok (action cont)
DBG 636: pkg-config check libcurl for CFLAGS (WITH_CURL): pkg-config --short-errors --cflags libcurl
DBG 636: pkg-config check libcurl for LIBS (WITH_CURL): pkg-config --short-errors --libs libcurl
DBG 636: libcurl: from pkg-config: CFLAGS '', LIBS '-lzstd -lssl -lcrypto -lz -ldl -lpthread -lrt -lpthread -lrt'
DBG 636: libcurl: performing compile check using pkg-config info
DBG 636: Compile check libcurl (WITH_CURL) (sub=1): gcc  -g -O2 -fPIC -Wall -Wsign-compare -Wfloat-equal -Wpointer-arith -Wcast-align -Wall -Werror _mkltmpy9GDRO.c -o _mkltmpy9GDRO.c.o  -L/workspace/playground-confluent/node_modules/node-rdkafka/build/deps -I/usr/include/x86_64-linux-gnu -lcurl -lzstd -lssl -lcrypto -lz -ldl -lpthread -lrt -lpthread -lrt
DBG 636: libcurl: Check for static library (libs -lcurl, arfile variable STATIC_LIB_libcurl=, static filenames libcurl.a)
DBG 636: libcurl: from pkg-config: LIBS: prepend -lcurl
DBG 636: Setting libcurl (libcurl) status to ok (action cont)
DBG 636: pkg-config check libm for CFLAGS (): pkg-config --short-errors --cflags libm
DBG 636: 'pkg-config --short-errors --cflags libm' failed: No package 'libm' found
DBG 636: Setting libm_PKGCONFIG (libm_PKGCONFIG) status to failed (action cont)
DBG 636: Check libm_PKGCONFIG (, action cont (originally cont)) failed: 'pkg-config --short-errors --cflags libm' failed:
No package 'libm' found
DBG 636: libm: Check for static library (libs -lm, arfile variable STATIC_LIB_libm=, static filenames )
DBG 636: Compile check libm () (sub=0): gcc -I/usr/include/x86_64-linux-gnu -g -O2 -fPIC -Wall -Wsign-compare -Wfloat-equal -Wpointer-arith -Wcast-align -Wall -Werror _mkltmpSRCreb.c -o _mkltmpSRCreb.c.o  -L/workspace/playground-confluent/node_modules/node-rdkafka/build/deps -lm -lcurl -lzstd -lssl -lcrypto -lz -ldl -lpthread -lrt -lpthread -lrt
DBG 636: Setting libm (libm) status to ok (action disable)
DBG 636: libm: from lib_check: LIBS: prepend -lm
DBG 636: pkg-config check liblz4 for CFLAGS (WITH_LZ4_EXT): pkg-config --short-errors --cflags liblz4
DBG 636: 'pkg-config --short-errors --cflags liblz4' failed: No package 'liblz4' found
DBG 636: Setting liblz4_PKGCONFIG (liblz4_PKGCONFIG) status to failed (action cont)
DBG 636: Check liblz4_PKGCONFIG (, action cont (originally cont)) failed: 'pkg-config --short-errors --cflags liblz4' failed:
No package 'liblz4' found
DBG 636: liblz4: Check for static library (libs -llz4, arfile variable STATIC_LIB_liblz4=, static filenames liblz4.a)
DBG 636: Compile check liblz4 (WITH_LZ4_EXT) (sub=0): gcc -I/usr/include/x86_64-linux-gnu -g -O2 -fPIC -Wall -Wsign-compare -Wfloat-equal -Wpointer-arith -Wcast-align -Wall -Werror _mkltmpiZy8eV.c -o _mkltmpiZy8eV.c.o  -L/workspace/playground-confluent/node_modules/node-rdkafka/build/deps -llz4 -lm -lcurl -lzstd -lssl -lcrypto -lz -ldl -lpthread -lrt -lpthread -lrt
DBG 636: compile check for liblz4 (WITH_LZ4_EXT) failed: gcc -I/usr/include/x86_64-linux-gnu -g -O2 -fPIC -Wall -Wsign-compare -Wfloat-equal -Wpointer-arith -Wcast-align -Wall -Werror _mkltmpiZy8eV.c -o _mkltmpiZy8eV.c.o  -L/workspace/playground-confluent/node_modules/node-rdkafka/build/deps -llz4 -lm -lcurl -lzstd -lssl -lcrypto -lz -ldl -lpthread -lrt -lpthread -lrt: _mkltmpiZy8eV.c:1:10: fatal error: lz4frame.h: No such file or directory
    1 | #include <lz4frame.h>
      |          ^~~~~~~~~~~~
compilation terminated.
DBG 636: Setting liblz4 (liblz4) status to failed (action disable)
DBG 636: Check liblz4 (WITH_LZ4_EXT, action disable (originally disable)) failed: compile check failed:
CC: CC
flags: -llz4
gcc -I/usr/include/x86_64-linux-gnu -g -O2 -fPIC -Wall -Wsign-compare -Wfloat-equal -Wpointer-arith -Wcast-align -Wall -Werror _mkltmpiZy8eV.c -o _mkltmpiZy8eV.c.o  -L/workspace/playground-confluent/node_modules/node-rdkafka/build/deps -llz4 -lm -lcurl -lzstd -lssl -lcrypto -lz -ldl -lpthread -lrt -lpthread -lrt:
_mkltmpiZy8eV.c:1:10: fatal error: lz4frame.h: No such file or directory
    1 | #include <lz4frame.h>
      |          ^~~~~~~~~~~~
compilation terminated.
source: #include <lz4frame.h>
DBG 636: Compile check syslog (WITH_SYSLOG) (sub=0): gcc -I/usr/include/x86_64-linux-gnu -g -O2 -fPIC -Wall -Wsign-compare -Wfloat-equal -Wpointer-arith -Wcast-align -Wall -Werror _mkltmpzEjEu7.c -o _mkltmpzEjEu7.c.o  -L/workspace/playground-confluent/node_modules/node-rdkafka/build/deps  -lm -lcurl -lzstd -lssl -lcrypto -lz -ldl -lpthread -lrt -lpthread -lrt
DBG 636: Setting syslog (syslog) status to ok (action disable)
DBG 636: Compile check rapidjson (WITH_RAPIDJSON) (sub=0): g++  -g -O2 -fPIC -Wall -Wsign-compare -Wfloat-equal -Wpointer-arith -Wcast-align -Wall -Werror _mkltmptxa4Sh.cpp -o _mkltmptxa4Sh.cpp.o  -L/workspace/playground-confluent/node_modules/node-rdkafka/build/deps  -lm -lcurl -lzstd -lssl -lcrypto -lz -ldl -lpthread -lrt -lpthread -lrt
DBG 636: compile check for rapidjson (WITH_RAPIDJSON) failed: g++  -g -O2 -fPIC -Wall -Wsign-compare -Wfloat-equal -Wpointer-arith -Wcast-align -Wall -Werror _mkltmptxa4Sh.cpp -o _mkltmptxa4Sh.cpp.o  -L/workspace/playground-confluent/node_modules/node-rdkafka/build/deps  -lm -lcurl -lzstd -lssl -lcrypto -lz -ldl -lpthread -lrt -lpthread -lrt: _mkltmptxa4Sh.cpp:1:10: fatal error: rapidjson/schema.h: No such file or directory
    1 | #include <rapidjson/schema.h>
      |          ^~~~~~~~~~~~~~~~~~~~
compilation terminated.
DBG 636: Setting rapidjson (rapidjson) status to failed (action disable)
DBG 636: Check rapidjson (WITH_RAPIDJSON, action disable (originally disable)) failed: compile check failed:
CC: CXX
flags: 
g++  -g -O2 -fPIC -Wall -Wsign-compare -Wfloat-equal -Wpointer-arith -Wcast-align -Wall -Werror _mkltmptxa4Sh.cpp -o _mkltmptxa4Sh.cpp.o  -L/workspace/playground-confluent/node_modules/node-rdkafka/build/deps  -lm -lcurl -lzstd -lssl -lcrypto -lz -ldl -lpthread -lrt -lpthread -lrt:
_mkltmptxa4Sh.cpp:1:10: fatal error: rapidjson/schema.h: No such file or directory
    1 | #include <rapidjson/schema.h>
      |          ^~~~~~~~~~~~~~~~~~~~
compilation terminated.
source: #include <rapidjson/schema.h>
DBG 636: Compile check crc32chw (WITH_CRC32C_HW) (sub=0): gcc -I/usr/include/x86_64-linux-gnu -g -O2 -fPIC -Wall -Wsign-compare -Wfloat-equal -Wpointer-arith -Wcast-align -Wall -Werror _mkltmp0EjHfP.c -o _mkltmp0EjHfP.c.o  -L/workspace/playground-confluent/node_modules/node-rdkafka/build/deps  -lm -lcurl -lzstd -lssl -lcrypto -lz -ldl -lpthread -lrt -lpthread -lrt
DBG 636: Setting crc32chw (crc32chw) status to ok (action disable)
DBG 636: Compile check regex (HAVE_REGEX) (sub=0): gcc -I/usr/include/x86_64-linux-gnu -g -O2 -fPIC -Wall -Wsign-compare -Wfloat-equal -Wpointer-arith -Wcast-align -Wall -Werror _mkltmpBYVOjY.c -o _mkltmpBYVOjY.c.o  -L/workspace/playground-confluent/node_modules/node-rdkafka/build/deps  -lm -lcurl -lzstd -lssl -lcrypto -lz -ldl -lpthread -lrt -lpthread -lrt
DBG 636: Setting regex (regex) status to ok (action disable)
DBG 636: Compile check rand_r (HAVE_RAND_R) (sub=0): gcc -I/usr/include/x86_64-linux-gnu -g -O2 -fPIC -Wall -Wsign-compare -Wfloat-equal -Wpointer-arith -Wcast-align -Wall -Werror _mkltmps867ja.c -o _mkltmps867ja.c.o  -L/workspace/playground-confluent/node_modules/node-rdkafka/build/deps  -lm -lcurl -lzstd -lssl -lcrypto -lz -ldl -lpthread -lrt -lpthread -lrt
DBG 636: Setting rand_r (rand_r) status to ok (action disable)
DBG 636: Compile check strndup (HAVE_STRNDUP) (sub=0): gcc -I/usr/include/x86_64-linux-gnu -g -O2 -fPIC -Wall -Wsign-compare -Wfloat-equal -Wpointer-arith -Wcast-align -Wall -Werror _mkltmpZH8whl.c -o _mkltmpZH8whl.c.o  -L/workspace/playground-confluent/node_modules/node-rdkafka/build/deps  -lm -lcurl -lzstd -lssl -lcrypto -lz -ldl -lpthread -lrt -lpthread -lrt
DBG 636: Setting strndup (strndup) status to ok (action disable)
DBG 636: Compile check strlcpy (HAVE_STRLCPY) (sub=0): gcc -I/usr/include/x86_64-linux-gnu -g -O2 -fPIC -Wall -Wsign-compare -Wfloat-equal -Wpointer-arith -Wcast-align -Wall -Werror _mkltmpwa0T2C.c -o _mkltmpwa0T2C.c.o  -L/workspace/playground-confluent/node_modules/node-rdkafka/build/deps  -lm -lcurl -lzstd -lssl -lcrypto -lz -ldl -lpthread -lrt -lpthread -lrt
DBG 636: compile check for strlcpy (HAVE_STRLCPY) failed: gcc -I/usr/include/x86_64-linux-gnu -g -O2 -fPIC -Wall -Wsign-compare -Wfloat-equal -Wpointer-arith -Wcast-align -Wall -Werror _mkltmpwa0T2C.c -o _mkltmpwa0T2C.c.o  -L/workspace/playground-confluent/node_modules/node-rdkafka/build/deps  -lm -lcurl -lzstd -lssl -lcrypto -lz -ldl -lpthread -lrt -lpthread -lrt: _mkltmpwa0T2C.c: In function ‘foo’:
_mkltmpwa0T2C.c:6:11: error: implicit declaration of function ‘strlcpy’; did you mean ‘strncpy’? [-Werror=implicit-function-declaration]
    6 |    return strlcpy(dest, "something", sizeof(dest));
      |           ^~~~~~~
      |           strncpy
cc1: all warnings being treated as errors
DBG 636: Setting strlcpy (strlcpy) status to failed (action disable)
DBG 636: Check strlcpy (HAVE_STRLCPY, action disable (originally disable)) failed: compile check failed:
CC: CC
flags: 
gcc -I/usr/include/x86_64-linux-gnu -g -O2 -fPIC -Wall -Wsign-compare -Wfloat-equal -Wpointer-arith -Wcast-align -Wall -Werror _mkltmpwa0T2C.c -o _mkltmpwa0T2C.c.o  -L/workspace/playground-confluent/node_modules/node-rdkafka/build/deps  -lm -lcurl -lzstd -lssl -lcrypto -lz -ldl -lpthread -lrt -lpthread -lrt:
_mkltmpwa0T2C.c: In function ‘foo’:
_mkltmpwa0T2C.c:6:11: error: implicit declaration of function ‘strlcpy’; did you mean ‘strncpy’? [-Werror=implicit-function-declaration]
    6 |    return strlcpy(dest, "something", sizeof(dest));
      |           ^~~~~~~
      |           strncpy
cc1: all warnings being treated as errors
source: 
#define _DARWIN_C_SOURCE
#include <string.h>
int foo (void) {
    char dest[4];
   return strlcpy(dest, "something", sizeof(dest));
}
DBG 636: Compile check strerror_r (HAVE_STRERROR_R) (sub=0): gcc -I/usr/include/x86_64-linux-gnu -g -O2 -fPIC -Wall -Wsign-compare -Wfloat-equal -Wpointer-arith -Wcast-align -Wall -Werror _mkltmpaU20CM.c -o _mkltmpaU20CM.c.o  -L/workspace/playground-confluent/node_modules/node-rdkafka/build/deps  -lm -lcurl -lzstd -lssl -lcrypto -lz -ldl -lpthread -lrt -lpthread -lrt
DBG 636: Setting strerror_r (strerror_r) status to ok (action disable)
DBG 636: Compile check strcasestr (HAVE_STRCASESTR) (sub=0): gcc -I/usr/include/x86_64-linux-gnu -g -O2 -fPIC -Wall -Wsign-compare -Wfloat-equal -Wpointer-arith -Wcast-align -Wall -Werror _mkltmp0sW4YO.c -o _mkltmp0sW4YO.c.o  -L/workspace/playground-confluent/node_modules/node-rdkafka/build/deps  -lm -lcurl -lzstd -lssl -lcrypto -lz -ldl -lpthread -lrt -lpthread -lrt
DBG 636: Setting strcasestr (strcasestr) status to ok (action disable)
DBG 636: Compile check pthread_setname_gnu (HAVE_PTHREAD_SETNAME_GNU) (sub=0): gcc -I/usr/include/x86_64-linux-gnu -g -O2 -fPIC -Wall -Wsign-compare -Wfloat-equal -Wpointer-arith -Wcast-align -Wall -Werror _mkltmpE7o2Ia.c -o _mkltmpE7o2Ia.c.o  -L/workspace/playground-confluent/node_modules/node-rdkafka/build/deps -D_GNU_SOURCE -lpthread -lm -lcurl -lzstd -lssl -lcrypto -lz -ldl -lpthread -lrt -lpthread -lrt
DBG 636: Setting pthread_setname_gnu (pthread_setname_gnu) status to ok (action disable)
DBG 636: Setting nm (nm) status to ok (action cont)
DBG 636: Setting python3 (python3) status to ok (action disable)
DBG 636: Compile check getrusage (HAVE_GETRUSAGE) (sub=0): gcc -I/usr/include/x86_64-linux-gnu -g -O2 -fPIC -Wall -Wsign-compare -Wfloat-equal -Wpointer-arith -Wcast-align -Wall -Werror _mkltmpRZF2II.c -o _mkltmpRZF2II.c.o  -L/workspace/playground-confluent/node_modules/node-rdkafka/build/deps  -lm -lcurl -lzstd -lssl -lcrypto -lz -ldl -lpthread -lrt -lpthread -lrt
DBG 636: Setting getrusage (getrusage) status to ok (action disable)
